>> Writing PID to thin.pid
>> Exiting!
/Users/joshbuddy/.rvm/gems/ree-1.8.7-2011.03/gems/thin-1.2.11/lib/rack/adapter/loader.rb:35:in `read': No such file or directory - config.ru (Errno::ENOENT)
	from /Users/joshbuddy/.rvm/gems/ree-1.8.7-2011.03/gems/thin-1.2.11/lib/rack/adapter/loader.rb:35:in `load'
	from /Users/joshbuddy/.rvm/gems/ree-1.8.7-2011.03/gems/thin-1.2.11/lib/thin/controllers/controller.rb:181:in `load_rackup_config'
	from /Users/joshbuddy/.rvm/gems/ree-1.8.7-2011.03/gems/thin-1.2.11/lib/thin/controllers/controller.rb:71:in `start'
	from /Users/joshbuddy/.rvm/gems/ree-1.8.7-2011.03/gems/thin-1.2.11/lib/thin/runner.rb:185:in `send'
	from /Users/joshbuddy/.rvm/gems/ree-1.8.7-2011.03/gems/thin-1.2.11/lib/thin/runner.rb:185:in `run_command'
	from /Users/joshbuddy/.rvm/gems/ree-1.8.7-2011.03/gems/thin-1.2.11/lib/thin/runner.rb:151:in `run!'
	from /Users/joshbuddy/.rvm/gems/ree-1.8.7-2011.03/gems/thin-1.2.11/bin/thin:6
	from /Users/joshbuddy/.rvm/gems/ree-1.8.7-2011.03/bin/thin:19:in `load'
	from /Users/joshbuddy/.rvm/gems/ree-1.8.7-2011.03/bin/thin:19
>> Writing PID to thin.pid
>> Exiting!
/Users/joshbuddy/.rvm/gems/ree-1.8.7-2011.03/gems/thin-1.2.11/lib/rack/adapter/loader.rb:35:in `read': No such file or directory - config.ru (Errno::ENOENT)
	from /Users/joshbuddy/.rvm/gems/ree-1.8.7-2011.03/gems/thin-1.2.11/lib/rack/adapter/loader.rb:35:in `load'
	from /Users/joshbuddy/.rvm/gems/ree-1.8.7-2011.03/gems/thin-1.2.11/lib/thin/controllers/controller.rb:181:in `load_rackup_config'
	from /Users/joshbuddy/.rvm/gems/ree-1.8.7-2011.03/gems/thin-1.2.11/lib/thin/controllers/controller.rb:71:in `start'
	from /Users/joshbuddy/.rvm/gems/ree-1.8.7-2011.03/gems/thin-1.2.11/lib/thin/runner.rb:185:in `send'
	from /Users/joshbuddy/.rvm/gems/ree-1.8.7-2011.03/gems/thin-1.2.11/lib/thin/runner.rb:185:in `run_command'
	from /Users/joshbuddy/.rvm/gems/ree-1.8.7-2011.03/gems/thin-1.2.11/lib/thin/runner.rb:151:in `run!'
	from /Users/joshbuddy/.rvm/gems/ree-1.8.7-2011.03/gems/thin-1.2.11/bin/thin:6
	from /Users/joshbuddy/.rvm/gems/ree-1.8.7-2011.03/bin/thin:19:in `load'
	from /Users/joshbuddy/.rvm/gems/ree-1.8.7-2011.03/bin/thin:19
